SF:lib\src\repository.dart
DA:7,1
DA:12,1
DA:15,4
DA:16,3
DA:17,2
DA:18,1
DA:25,1
DA:26,1
DA:27,0
DA:28,1
DA:29,1
DA:30,0
DA:34,0
DA:38,0
DA:39,0
LF:15
LH:10
end_of_record
SF:lib\src\models\image_model.g.dart
DA:9,1
DA:10,1
DA:11,1
DA:12,3
DA:13,1
DA:14,1
DA:15,1
DA:18,0
DA:19,0
DA:20,0
DA:21,0
DA:22,0
DA:25,2
DA:26,1
DA:27,1
DA:28,1
DA:29,1
DA:30,1
DA:31,1
DA:32,1
DA:33,1
DA:34,1
DA:36,2
DA:39,0
DA:40,0
DA:41,0
DA:42,0
DA:43,0
DA:44,0
DA:45,0
DA:46,0
DA:47,0
DA:48,0
DA:49,0
DA:52,2
DA:53,1
DA:54,1
DA:55,1
DA:56,1
DA:57,1
DA:58,1
DA:59,1
DA:60,1
DA:63,0
DA:64,0
DA:65,0
DA:66,0
DA:67,0
DA:68,0
DA:69,0
DA:70,0
DA:71,0
DA:72,0
LF:53
LH:27
end_of_record
SF:lib\src\models\image_model.dart
DA:8,1
DA:18,1
DA:19,1
DA:21,0
DA:22,0
DA:23,0
DA:24,0
DA:25,0
DA:31,1
DA:52,1
DA:53,1
DA:55,0
DA:56,0
DA:57,0
DA:58,0
DA:59,0
DA:60,0
DA:61,0
DA:62,0
DA:63,0
DA:64,0
DA:65,0
DA:72,1
DA:91,1
DA:92,1
DA:94,0
DA:95,0
LF:27
LH:9
end_of_record
